<?xml version="1.0" encoding="UTF-8"?>
<Site BuildName="(empty)"
	BuildStamp="20240919-1250-Experimental"
	Name="martin-Dell"
	Generator="ctest-3.22.1"
	CompilerName="/usr/bin/g++"
	CompilerVersion="11.4.0"
	OSName="Linux"
	Hostname="martin-Dell"
	OSRelease="6.8.0-40-generic"
	OSVersion="#40~22.04.3-Ubuntu SMP PREEMPT_DYNAMIC Tue Jul 30 17:30:19 UTC 2"
	OSPlatform="x86_64"
	Is64Bits="1"
	VendorString="GenuineIntel"
	VendorID="Intel Corporation"
	FamilyID="6"
	ModelID="142"
	ProcessorCacheSize="6144"
	NumberOfLogicalCPU="8"
	NumberOfPhysicalCPU="4"
	TotalVirtualMemory="0"
	TotalPhysicalMemory="15768"
	LogicalProcessorsPerPhysical="2"
	ProcessorClockFrequency="2999.55"
	>
	<Testing>
		<StartDateTime>Sep 19 22:50 AEST</StartDateTime>
		<StartTestTime>1726750228</StartTestTime>
		<TestList/>
		<EndDateTime>Sep 19 22:50 AEST</EndDateTime>
		<EndTestTime>1726750228</EndTestTime>
		<ElapsedMinutes>0</ElapsedMinutes>
	</Testing>
</Site>
