In file included from [01m[K/home/martin/ros2_ws/src/cylinder_detector_spawner/src/cylinder_detector.cpp:12[m[K:
[01m[K/opt/ros/humble/include/tf2_geometry_msgs/tf2_geometry_msgs/tf2_geometry_msgs.h:35:2:[m[K [01;35m[Kwarning: [m[K#warning This header is obsolete, please include tf2_geometry_msgs/tf2_geometry_msgs.hpp instead [[01;35m[K]8;;https://gcc.gnu.org/onlinedocs/gcc/Warning-Options.html#index-Wcpp-Wcpp]8;;[m[K]
   35 | #[01;35m[Kwarning[m[K This header is obsolete, please include tf2_geometry_msgs/tf2_geometry_msgs.hpp instead
      |  [01;35m[K^~~~~~~[m[K
[01m[K/home/martin/ros2_ws/src/cylinder_detector_spawner/src/cylinder_detector.cpp:30:5:[m[K [01;31m[Kerror: [m[KISO C++ forbids declaration of â€˜[01m[KCylinderDetectionNode[m[Kâ€™ with no type [[01;31m[K]8;;https://gcc.gnu.org/onlinedocs/gcc/Warning-Options.html#index-fpermissive-fpermissive]8;;[m[K]
   30 |     [01;31m[KCylinderDetectionNode[m[K() : Node("cylinder_detector")
      |     [01;31m[K^~~~~~~~~~~~~~~~~~~~~[m[K
[01m[K/home/martin/ros2_ws/src/cylinder_detector_spawner/src/cylinder_detector.cpp:[m[K In member function â€˜[01m[Kint CylinderDetector::CylinderDetectionNode()[m[Kâ€™:
[01m[K/home/martin/ros2_ws/src/cylinder_detector_spawner/src/cylinder_detector.cpp:30:31:[m[K [01;31m[Kerror: [m[Konly constructors take member initializers
   30 |     CylinderDetectionNode() : [01;31m[KNode[m[K("cylinder_detector")
      |                               [01;31m[K^~~~[m[K
[01m[K/home/martin/ros2_ws/src/cylinder_detector_spawner/src/cylinder_detector.cpp:38:13:[m[K [01;31m[Kerror: [m[Kreturn-statement with no value, in function returning â€˜[01m[Kint[m[Kâ€™ [[01;31m[K]8;;https://gcc.gnu.org/onlinedocs/gcc/Warning-Options.html#index-fpermissive-fpermissive]8;;[m[K]
   38 |             [01;31m[Kreturn[m[K;
      |             [01;31m[K^~~~~~[m[K
[01m[K/home/martin/ros2_ws/src/cylinder_detector_spawner/src/cylinder_detector.cpp:76:37:[m[K [01;31m[Kerror: [m[Kâ€˜[01m[KCylinderDetectionNode[m[Kâ€™ is not a class, namespace, or enumeration
   76 |             "/scan", 10, std::bind(&[01;31m[KCylinderDetectionNode[m[K::laser_callback, this, std::placeholders::_1));
      |                                     [01;31m[K^~~~~~~~~~~~~~~~~~~~~[m[K
[01m[K/home/martin/ros2_ws/src/cylinder_detector_spawner/src/cylinder_detector.cpp:78:46:[m[K [01;31m[Kerror: [m[Kâ€˜[01m[KCylinderDetectionNode[m[Kâ€™ is not a class, namespace, or enumeration
   78 |             "/clicked_point", 10, std::bind(&[01;31m[KCylinderDetectionNode[m[K::clicked_point_callback, this, std::placeholders::_1));
      |                                              [01;31m[K^~~~~~~~~~~~~~~~~~~~~[m[K
[01m[K/home/martin/ros2_ws/src/cylinder_detector_spawner/src/cylinder_detector.cpp:[m[K In function â€˜[01m[Kint main(int, char**)[m[Kâ€™:
[01m[K/home/martin/ros2_ws/src/cylinder_detector_spawner/src/cylinder_detector.cpp:347:34:[m[K [01;31m[Kerror: [m[Kâ€˜[01m[KCylinderDetectionNode[m[Kâ€™ was not declared in this scope; did you mean â€˜[01m[KCylinderDetector[m[Kâ€™?
  347 |     auto node = std::make_shared<[01;31m[KCylinderDetectionNode[m[K>();
      |                                  [01;31m[K^~~~~~~~~~~~~~~~~~~~~[m[K
      |                                  [32m[KCylinderDetector[m[K
[01m[K/home/martin/ros2_ws/src/cylinder_detector_spawner/src/cylinder_detector.cpp:347:56:[m[K [01;31m[Kerror: [m[Kno matching function for call to â€˜[01m[Kmake_shared<<expression error> >()[m[Kâ€™
  347 |     auto node = [01;31m[Kstd::make_shared<CylinderDetectionNode>()[m[K;
      |                 [01;31m[K~~~~~~~~~~~~~~~~~~~~~~~~~~~~~~~~~~~~~~~^~[m[K
In file included from [01m[K/usr/include/c++/11/memory:77[m[K,
                 from [01m[K/opt/ros/humble/include/rclcpp/rclcpp/rclcpp.hpp:153[m[K,
                 from [01m[K/home/martin/ros2_ws/src/cylinder_detector_spawner/src/cylinder_detector.cpp:6[m[K:
[01m[K/usr/include/c++/11/bits/shared_ptr.h:875:5:[m[K [01;36m[Knote: [m[Kcandidate: â€˜[01m[Ktemplate<class _Tp, class ... _Args> std::shared_ptr<_Tp> std::make_shared(_Args&& ...)[m[Kâ€™
  875 |     [01;36m[Kmake_shared[m[K(_Args&&... __args)
      |     [01;36m[K^~~~~~~~~~~[m[K
[01m[K/usr/include/c++/11/bits/shared_ptr.h:875:5:[m[K [01;36m[Knote: [m[K  template argument deduction/substitution failed:
[01m[K/home/martin/ros2_ws/src/cylinder_detector_spawner/src/cylinder_detector.cpp:347:56:[m[K [01;31m[Kerror: [m[Ktemplate argument 1 is invalid
  347 |     auto node = [01;31m[Kstd::make_shared<CylinderDetectionNode>()[m[K;
      |                 [01;31m[K~~~~~~~~~~~~~~~~~~~~~~~~~~~~~~~~~~~~~~~^~[m[K
gmake[2]: *** [CMakeFiles/cylinder_detector.dir/build.make:76: CMakeFiles/cylinder_detector.dir/src/cylinder_detector.cpp.o] Error 1
gmake[1]: *** [CMakeFiles/Makefile2:139: CMakeFiles/cylinder_detector.dir/all] Error 2
gmake[1]: *** Waiting for unfinished jobs....
gmake: *** [Makefile:146: all] Error 2
