[01m[K/home/martin/ros2_ws/src/scan_sub_pub/src/scanSubPub.cpp:[m[K In member function â€˜[01m[Kvoid System::publishCallback()[m[Kâ€™:
[01m[K/home/martin/ros2_ws/src/scan_sub_pub/src/scanSubPub.cpp:25:55:[m[K [01;31m[Kerror: [m[Kâ€˜[01m[Know[m[Kâ€™ is not a member of â€˜[01m[Krclcpp::Time[m[Kâ€™
   25 |                 message->header.stamp = rclcpp::Time::[01;31m[Know[m[K();
      |                                                       [01;31m[K^~~[m[K
gmake[2]: *** [CMakeFiles/scan_sub_pub_node.dir/build.make:76: CMakeFiles/scan_sub_pub_node.dir/src/scanSubPub.cpp.o] Error 1
gmake[1]: *** [CMakeFiles/Makefile2:137: CMakeFiles/scan_sub_pub_node.dir/all] Error 2
gmake: *** [Makefile:146: all] Error 2
