[01m[K/home/martin/ros2_ws/src/SimpleLocalizer/src/simplelocalizer.cpp:[m[K In member function â€˜[01m[Kvoid SimpleLocalizer::propagate_robot_pose(geometry_msgs::msg::Pose&, const Odometry&, double)[m[Kâ€™:
[01m[K/home/martin/ros2_ws/src/SimpleLocalizer/src/simplelocalizer.cpp:306:51:[m[K [01;31m[Kerror: [m[Kâ€˜[01m[Kconst _pose_type[m[Kâ€™ {aka â€˜[01m[Kconst struct geometry_msgs::msg::Pose_<std::allocator<void> >[m[Kâ€™} has no member named â€˜[01m[Kangular[m[Kâ€™
  306 |         robot_pose.orientation.z = odom.pose.pose.[01;31m[Kangular[m[K.z ;//- -match_score;
      |                                                   [01;31m[K^~~~~~~[m[K
gmake[2]: *** [CMakeFiles/simplelocalizer.dir/build.make:76: CMakeFiles/simplelocalizer.dir/src/simplelocalizer.cpp.o] Error 1
gmake[1]: *** [CMakeFiles/Makefile2:137: CMakeFiles/simplelocalizer.dir/all] Error 2
gmake: *** [Makefile:146: all] Error 2
